# JRE version: Java(TM) SE Runtime Environment (13.0.2+8) (build 13.0.2+8)
# Java VM: Java HotSpot(TM) 64-Bit Server VM (13.0.2+8, mixed mode, sharing, tiered, compressed oops, g1 gc, windows-amd64)
Heap:
 garbage-first heap   total 99328K, used 53481K [0x0000000703000000, 0x0000000800000000)
  region size 1024K, 31 young (31744K), 4 survivors (4096K)
 Metaspace       used 61840K, capacity 63467K, committed 63708K, reserved 1103872K
  class space    used 7913K, capacity 8532K, committed 8660K, reserved 1048576K
GC Heap History (20 events):
Event: 4.568 GC heap before
{Heap before GC invocations=11 (full 0):
 garbage-first heap   total 40960K, used 33525K [0x0000000703000000, 0x0000000800000000)
  region size 1024K, 17 young (17408K), 2 survivors (2048K)
 Metaspace       used 30803K, capacity 32228K, committed 32508K, reserved 1077248K
  class space    used 3843K, capacity 4392K, committed 4480K, reserved 1048576K
}
Event: 4.570 GC heap after
{Heap after GC invocations=12 (full 0):
 garbage-first heap   total 40960K, used 18827K [0x0000000703000000, 0x0000000800000000)
  region size 1024K, 2 young (2048K), 2 survivors (2048K)
 Metaspace       used 30803K, capacity 32228K, committed 32508K, reserved 1077248K
  class space    used 3843K, capacity 4392K, committed 4480K, reserved 1048576K
}
Event: 4.701 GC heap before
{Heap before GC invocations=12 (full 0):
 garbage-first heap   total 40960K, used 33163K [0x0000000703000000, 0x0000000800000000)
  region size 1024K, 16 young (16384K), 2 survivors (2048K)
 Metaspace       used 31508K, capacity 32946K, committed 33148K, reserved 1077248K
  class space    used 3942K, capacity 4482K, committed 4608K, reserved 1048576K
}
Event: 4.703 GC heap after
{Heap after GC invocations=13 (full 0):
 garbage-first heap   total 40960K, used 19545K [0x0000000703000000, 0x0000000800000000)
  region size 1024K, 2 young (2048K), 2 survivors (2048K)
 Metaspace       used 31508K, capacity 32946K, committed 33148K, reserved 1077248K
  class space    used 3942K, capacity 4482K, committed 4608K, reserved 1048576K
}
Event: 4.880 GC heap before
{Heap before GC invocations=13 (full 0):
 garbage-first heap   total 40960K, used 32857K [0x0000000703000000, 0x0000000800000000)
  region size 1024K, 15 young (15360K), 2 survivors (2048K)
 Metaspace       used 33431K, capacity 34825K, committed 35068K, reserved 1079296K
  class space    used 4159K, capacity 4723K, committed 4736K, reserved 1048576K
}
Event: 4.883 GC heap after
{Heap after GC invocations=14 (full 0):
 garbage-first heap   total 150528K, used 21018K [0x0000000703000000, 0x0000000800000000)
  region size 1024K, 2 young (2048K), 2 survivors (2048K)
 Metaspace       used 33431K, capacity 34825K, committed 35068K, reserved 1079296K
  class space    used 4159K, capacity 4723K, committed 4736K, reserved 1048576K
}
Event: 5.021 GC heap before
{Heap before GC invocations=14 (full 0):
 garbage-first heap   total 150528K, used 32282K [0x0000000703000000, 0x0000000800000000)
  region size 1024K, 14 young (14336K), 2 survivors (2048K)
 Metaspace       used 34546K, capacity 35923K, committed 36048K, reserved 1081344K
  class space    used 4317K, capacity 4871K, committed 4948K, reserved 1048576K
}
Event: 5.025 GC heap after
{Heap after GC invocations=15 (full 0):
 garbage-first heap   total 150528K, used 21955K [0x0000000703000000, 0x0000000800000000)
  region size 1024K, 3 young (3072K), 3 survivors (3072K)
 Metaspace       used 34546K, capacity 35923K, committed 36048K, reserved 1081344K
  class space    used 4317K, capacity 4871K, committed 4948K, reserved 1048576K
}
Event: 5.812 GC heap before
{Heap before GC invocations=16 (full 0):
 garbage-first heap   total 92160K, used 74179K [0x0000000703000000, 0x0000000800000000)
  region size 1024K, 54 young (55296K), 3 survivors (3072K)
 Metaspace       used 39410K, capacity 40899K, committed 41040K, reserved 1085440K
  class space    used 5180K, capacity 5753K, committed 5844K, reserved 1048576K
}
Event: 5.816 GC heap after
{Heap after GC invocations=17 (full 0):
 garbage-first heap   total 92160K, used 22796K [0x0000000703000000, 0x0000000800000000)
  region size 1024K, 4 young (4096K), 4 survivors (4096K)
 Metaspace       used 39410K, capacity 40899K, committed 41040K, reserved 1085440K
  class space    used 5180K, capacity 5753K, committed 5844K, reserved 1048576K
}
Event: 6.190 GC heap before
{Heap before GC invocations=17 (full 0):
 garbage-first heap   total 92160K, used 54540K [0x0000000703000000, 0x0000000800000000)
  region size 1024K, 36 young (36864K), 4 survivors (4096K)
 Metaspace       used 43716K, capacity 45289K, committed 45520K, reserved 1089536K
  class space    used 5736K, capacity 6342K, committed 6484K, reserved 1048576K
}
Event: 6.196 GC heap after
{Heap after GC invocations=18 (full 0):
 garbage-first heap   total 92160K, used 23842K [0x0000000703000000, 0x0000000800000000)
  region size 1024K, 3 young (3072K), 3 survivors (3072K)
 Metaspace       used 43716K, capacity 45289K, committed 45520K, reserved 1089536K
  class space    used 5736K, capacity 6342K, committed 6484K, reserved 1048576K
}
Event: 6.505 GC heap before
{Heap before GC invocations=18 (full 0):
 garbage-first heap   total 92160K, used 57634K [0x0000000703000000, 0x0000000800000000)
  region size 1024K, 36 young (36864K), 3 survivors (3072K)
 Metaspace       used 47721K, capacity 49264K, committed 49488K, reserved 1091584K
  class space    used 6212K, capacity 6792K, committed 6868K, reserved 1048576K
}
Event: 6.509 GC heap after
{Heap after GC invocations=19 (full 0):
 garbage-first heap   total 110592K, used 24549K [0x0000000703000000, 0x0000000800000000)
  region size 1024K, 3 young (3072K), 3 survivors (3072K)
 Metaspace       used 47721K, capacity 49264K, committed 49488K, reserved 1091584K
  class space    used 6212K, capacity 6792K, committed 6868K, reserved 1048576K
}
Event: 6.807 GC heap before
{Heap before GC invocations=19 (full 0):
 garbage-first heap   total 110592K, used 65509K [0x0000000703000000, 0x0000000800000000)
  region size 1024K, 44 young (45056K), 3 survivors (3072K)
 Metaspace       used 51912K, capacity 53458K, committed 53584K, reserved 1095680K
  class space    used 6739K, capacity 7336K, committed 7380K, reserved 1048576K
}
Event: 6.811 GC heap after
{Heap after GC invocations=20 (full 0):
 garbage-first heap   total 110592K, used 25667K [0x0000000703000000, 0x0000000800000000)
  region size 1024K, 4 young (4096K), 4 survivors (4096K)
 Metaspace       used 51912K, capacity 53458K, committed 53584K, reserved 1095680K
  class space    used 6739K, capacity 7336K, committed 7380K, reserved 1048576K
}
Event: 7.874 GC heap before
{Heap before GC invocations=20 (full 0):
 garbage-first heap   total 110592K, used 69699K [0x0000000703000000, 0x0000000800000000)
  region size 1024K, 47 young (48128K), 4 survivors (4096K)
 Metaspace       used 56460K, capacity 58035K, committed 58320K, reserved 1099776K
  class space    used 7276K, capacity 7900K, committed 8020K, reserved 1048576K
}
Event: 7.879 GC heap after
{Heap after GC invocations=21 (full 0):
 garbage-first heap   total 110592K, used 27013K [0x0000000703000000, 0x0000000800000000)
  region size 1024K, 5 young (5120K), 5 survivors (5120K)
 Metaspace       used 56460K, capacity 58035K, committed 58320K, reserved 1099776K
  class space    used 7276K, capacity 7900K, committed 8020K, reserved 1048576K
}
Event: 8.712 GC heap before
{Heap before GC invocations=21 (full 0):
 garbage-first heap   total 110592K, used 38277K [0x0000000703000000, 0x0000000800000000)
  region size 1024K, 17 young (17408K), 5 survivors (5120K)
 Metaspace       used 58794K, capacity 60383K, committed 60508K, reserved 1101824K
  class space    used 7582K, capacity 8208K, committed 8276K, reserved 1048576K
}
Event: 8.726 GC heap after
{Heap after GC invocations=22 (full 0):
 garbage-first heap   total 110592K, used 27881K [0x0000000703000000, 0x0000000800000000)
  region size 1024K, 4 young (4096K), 4 survivors (4096K)
 Metaspace       used 58794K, capacity 60383K, committed 60508K, reserved 1101824K
  class space    used 7582K, capacity 8208K, committed 8276K, reserved 1048576K
}

